<?xml version="1.0" encoding="UTF-8"?>
<testsuite name="searchYearFilterTest" tests="1" skipped="0" failures="0" errors="0" timestamp="2018-09-09T16:21:35" hostname="illmonks-MacBook-Pro-2.local" time="3.725">
  <properties/>
  <testcase name="Can navigate to AutoHero Search Page" classname="searchYearFilterTest" time="3.725"/>
  <system-out><![CDATA[]]></system-out>
  <system-err><![CDATA[]]></system-err>
</testsuite>
